<?xml version="1.0" encoding="UTF-8" ?>
<testsuites name="vitest tests" tests="1" failures="0" errors="0" time="0.0109508">
    <testsuite name="tests/supabase.test.ts" timestamp="2025-06-05T00:51:12.259Z" hostname="Office" tests="1" failures="0" errors="0" skipped="0" time="0.0109508">
        <testcase classname="tests/supabase.test.ts" name="Supabase Client &gt; should provide verbose info about credentials and client status" time="0.0101645">
            <system-out>
[Supabase Test] SUPABASE_URL: https://oflctqligzouzshimuqh.supabase.co
[Supabase Test] SUPABASE_KEY: eyJhbG...
[Supabase Test] Client available: [33mtrue[39m
[Supabase Test] Client methods verified

[Supabase Test] Auth check completed (expected: no user logged in)
[Supabase Test] Attempting table query...

[Supabase Test] Instruments query result: {
  data: [1mnull[22m,
  error: {
    message: [32m&quot;TypeError: Cannot read properties of undefined (reading &apos;status&apos;)&quot;[39m,
    details: [32m&quot;TypeError: Cannot read properties of undefined (reading &apos;status&apos;)\n&quot;[39m +
      [32m&apos;    at D:\\Nuxt Projects\\llm-dev-agent\\cloudless.gr\\node_modules\\@supabase\\postgrest-js\\src\\PostgrestBuilder.ts:110:24\n&apos;[39m +
      [32m&apos;    at processTicksAndRejections (node:internal/process/task_queues:95:5)\n&apos;[39m +
      [32m&apos;    at D:\\Nuxt Projects\\llm-dev-agent\\cloudless.gr\\tests\\supabase.test.ts:41:31\n&apos;[39m +
      [32m&apos;    at file:///D:/Nuxt%20Projects/llm-dev-agent/cloudless.gr/node_modules/@vitest/runner/dist/index.js:596:20&apos;[39m,
    hint: [32m&apos;&apos;[39m,
    code: [32m&apos;&apos;[39m
  }
}

[Supabase Test] Contact submissions query result: {
  data: [1mnull[22m,
  error: {
    message: [32m&quot;TypeError: Cannot read properties of undefined (reading &apos;status&apos;)&quot;[39m,
    details: [32m&quot;TypeError: Cannot read properties of undefined (reading &apos;status&apos;)\n&quot;[39m +
      [32m&apos;    at D:\\Nuxt Projects\\llm-dev-agent\\cloudless.gr\\node_modules\\@supabase\\postgrest-js\\src\\PostgrestBuilder.ts:110:24\n&apos;[39m +
      [32m&apos;    at processTicksAndRejections (node:internal/process/task_queues:95:5)\n&apos;[39m +
      [32m&apos;    at D:\\Nuxt Projects\\llm-dev-agent\\cloudless.gr\\tests\\supabase.test.ts:55:60\n&apos;[39m +
      [32m&apos;    at file:///D:/Nuxt%20Projects/llm-dev-agent/cloudless.gr/node_modules/@vitest/runner/dist/index.js:596:20&apos;[39m,
    hint: [32m&apos;&apos;[39m,
    code: [32m&apos;&apos;[39m
  }
}
[Supabase Test] Tables may not exist yet. Run the SQL schema files first.

            </system-out>
            <system-err>
[Supabase Test] Instruments query error: {
  message: [32m&quot;TypeError: Cannot read properties of undefined (reading &apos;status&apos;)&quot;[39m,
  details: [32m&quot;TypeError: Cannot read properties of undefined (reading &apos;status&apos;)\n&quot;[39m +
    [32m&apos;    at D:\\Nuxt Projects\\llm-dev-agent\\cloudless.gr\\node_modules\\@supabase\\postgrest-js\\src\\PostgrestBuilder.ts:110:24\n&apos;[39m +
    [32m&apos;    at processTicksAndRejections (node:internal/process/task_queues:95:5)\n&apos;[39m +
    [32m&apos;    at D:\\Nuxt Projects\\llm-dev-agent\\cloudless.gr\\tests\\supabase.test.ts:41:31\n&apos;[39m +
    [32m&apos;    at file:///D:/Nuxt%20Projects/llm-dev-agent/cloudless.gr/node_modules/@vitest/runner/dist/index.js:596:20&apos;[39m,
  hint: [32m&apos;&apos;[39m,
  code: [32m&apos;&apos;[39m
}
[Supabase Test] Error details: {
  message: [32m&quot;TypeError: Cannot read properties of undefined (reading &apos;status&apos;)&quot;[39m,
  details: [32m&quot;TypeError: Cannot read properties of undefined (reading &apos;status&apos;)\n&quot;[39m +
    [32m&apos;    at D:\\Nuxt Projects\\llm-dev-agent\\cloudless.gr\\node_modules\\@supabase\\postgrest-js\\src\\PostgrestBuilder.ts:110:24\n&apos;[39m +
    [32m&apos;    at processTicksAndRejections (node:internal/process/task_queues:95:5)\n&apos;[39m +
    [32m&apos;    at D:\\Nuxt Projects\\llm-dev-agent\\cloudless.gr\\tests\\supabase.test.ts:41:31\n&apos;[39m +
    [32m&apos;    at file:///D:/Nuxt%20Projects/llm-dev-agent/cloudless.gr/node_modules/@vitest/runner/dist/index.js:596:20&apos;[39m,
  hint: [32m&apos;&apos;[39m,
  code: [32m&apos;&apos;[39m
}

[Supabase Test] Contact submissions query error: {
  message: [32m&quot;TypeError: Cannot read properties of undefined (reading &apos;status&apos;)&quot;[39m,
  details: [32m&quot;TypeError: Cannot read properties of undefined (reading &apos;status&apos;)\n&quot;[39m +
    [32m&apos;    at D:\\Nuxt Projects\\llm-dev-agent\\cloudless.gr\\node_modules\\@supabase\\postgrest-js\\src\\PostgrestBuilder.ts:110:24\n&apos;[39m +
    [32m&apos;    at processTicksAndRejections (node:internal/process/task_queues:95:5)\n&apos;[39m +
    [32m&apos;    at D:\\Nuxt Projects\\llm-dev-agent\\cloudless.gr\\tests\\supabase.test.ts:55:60\n&apos;[39m +
    [32m&apos;    at file:///D:/Nuxt%20Projects/llm-dev-agent/cloudless.gr/node_modules/@vitest/runner/dist/index.js:596:20&apos;[39m,
  hint: [32m&apos;&apos;[39m,
  code: [32m&apos;&apos;[39m
}

            </system-err>
        </testcase>
    </testsuite>
</testsuites>
