<?xml version="1.0" encoding="UTF-8" ?>
<testsuites name="vitest tests" tests="2" failures="0" errors="0" time="0.477583">
    <testsuite name="tests/supabase-auth.test.ts" timestamp="2025-06-06T20:38:15.107Z" hostname="Office" tests="1" failures="0" errors="0" skipped="0" time="0.0036386">
        <testcase classname="tests/supabase-auth.test.ts" name="Supabase Client &gt; should verify auth connection" time="0.002753">
            <system-out>
[Auth Test] Session result: { session: [1mnull[22m }

            </system-out>
        </testcase>
    </testsuite>
    <testsuite name="tests/supabase.test.ts" timestamp="2025-06-06T20:38:15.109Z" hostname="Office" tests="1" failures="0" errors="0" skipped="0" time="0.4739444">
        <testcase classname="tests/supabase.test.ts" name="Supabase Client &gt; should provide verbose info about credentials and client status" time="0.4730143">
            <system-out>
[Supabase Test] SUPABASE_URL: https://oflctqligzouzshimuqh.supabase.co
[Supabase Test] SUPABASE_KEY: eyJhbG...
[Supabase Test] Client available: [33mtrue[39m
[Supabase Test] Client methods verified

[Supabase Test] Auth check completed (expected: no user logged in)
[Supabase Test] Auth data: user data present
[Supabase Test] Attempting table query...

[Supabase Test] Instruments query result: {
  data: [
    {
      id: [33m1[39m,
      name: [32m&apos;violin&apos;[39m,
      created_at: [32m&apos;2025-06-01T22:44:05.561477+00:00&apos;[39m
    },
    {
      id: [33m2[39m,
      name: [32m&apos;viola&apos;[39m,
      created_at: [32m&apos;2025-06-01T22:44:05.561477+00:00&apos;[39m
    },
    {
      id: [33m3[39m,
      name: [32m&apos;cello&apos;[39m,
      created_at: [32m&apos;2025-06-01T22:44:05.561477+00:00&apos;[39m
    },
    {
      id: [33m4[39m,
      name: [32m&apos;piano&apos;[39m,
      created_at: [32m&apos;2025-06-01T22:44:05.561477+00:00&apos;[39m
    },
    {
      id: [33m5[39m,
      name: [32m&apos;guitar&apos;[39m,
      created_at: [32m&apos;2025-06-01T22:44:05.561477+00:00&apos;[39m
    },
    {
      id: [33m6[39m,
      name: [32m&apos;flute&apos;[39m,
      created_at: [32m&apos;2025-06-01T22:44:05.561477+00:00&apos;[39m
    },
    {
      id: [33m7[39m,
      name: [32m&apos;violin&apos;[39m,
      created_at: [32m&apos;2025-06-01T22:45:41.292518+00:00&apos;[39m
    },
    {
      id: [33m8[39m,
      name: [32m&apos;viola&apos;[39m,
      created_at: [32m&apos;2025-06-01T22:45:41.292518+00:00&apos;[39m
    },
    {
      id: [33m9[39m,
      name: [32m&apos;cello&apos;[39m,
      created_at: [32m&apos;2025-06-01T22:45:41.292518+00:00&apos;[39m
    },
    {
      id: [33m10[39m,
      name: [32m&apos;piano&apos;[39m,
      created_at: [32m&apos;2025-06-01T22:45:41.292518+00:00&apos;[39m
    },
    {
      id: [33m11[39m,
      name: [32m&apos;guitar&apos;[39m,
      created_at: [32m&apos;2025-06-01T22:45:41.292518+00:00&apos;[39m
    },
    {
      id: [33m12[39m,
      name: [32m&apos;flute&apos;[39m,
      created_at: [32m&apos;2025-06-01T22:45:41.292518+00:00&apos;[39m
    },
    {
      id: [33m13[39m,
      name: [32m&apos;violin&apos;[39m,
      created_at: [32m&apos;2025-06-05T00:42:54.639726+00:00&apos;[39m
    },
    {
      id: [33m14[39m,
      name: [32m&apos;viola&apos;[39m,
      created_at: [32m&apos;2025-06-05T00:42:54.639726+00:00&apos;[39m
    },
    {
      id: [33m15[39m,
      name: [32m&apos;cello&apos;[39m,
      created_at: [32m&apos;2025-06-05T00:42:54.639726+00:00&apos;[39m
    },
    {
      id: [33m16[39m,
      name: [32m&apos;piano&apos;[39m,
      created_at: [32m&apos;2025-06-05T00:42:54.639726+00:00&apos;[39m
    },
    {
      id: [33m17[39m,
      name: [32m&apos;guitar&apos;[39m,
      created_at: [32m&apos;2025-06-05T00:42:54.639726+00:00&apos;[39m
    },
    {
      id: [33m18[39m,
      name: [32m&apos;flute&apos;[39m,
      created_at: [32m&apos;2025-06-05T00:42:54.639726+00:00&apos;[39m
    }
  ],
  error: [1mnull[22m
}
[Supabase Test] Instruments query successful, found [33m18[39m records

            </system-out>
        </testcase>
    </testsuite>
</testsuites>
