<testsuites id="" name="" tests="9" failures="1" skipped="0" errors="0" time="272.310085">
<testsuite name="home.spec.ts" timestamp="2025-06-19T13:05:55.597Z" hostname="chromium" tests="9" failures="1" skipped="0" time="265.618" errors="0">
<testcase name="Home Page E2E Tests › should display the hero section correctly" classname="home.spec.ts" time="23.407">
</testcase>
<testcase name="Home Page E2E Tests › should display main navigation elements" classname="home.spec.ts" time="22.362">
</testcase>
<testcase name="Home Page E2E Tests › should have working navigation links" classname="home.spec.ts" time="86.091">
<failure message="home.spec.ts:32:3 should have working navigation links" type="FAILURE">
<![CDATA[  [chromium] › home.spec.ts:32:3 › Home Page E2E Tests › should have working navigation links ──────

    Test timeout of 30000ms exceeded.

    Error: Timed out 10000ms waiting for expect(locator).toHaveURL(expected)

    Locator: locator(':root')
    Expected pattern: /\/projects/
    Received string:  "http://localhost:3000/"
    Call log:
      - Expect "toHaveURL" with timeout 10000ms
      - waiting for locator(':root')
        4 × locator resolved to <html lang="en">…</html>
          - unexpected value "http://localhost:3000/"


      39 |       // Try clicking with force to bypass overlay issues temporarily
      40 |       await projectsLink.click({ force: true });
    > 41 |       await expect(page).toHaveURL(/\/projects/);
         |                          ^
      42 |       await page.goBack();
      43 |     }
      44 |
        at D:\Nuxt Projects\llm-dev-agent\cloudless.gr\playwright\tests\home.spec.ts:41:26

    Retry #1 ───────────────────────────────────────────────────────────────────────────────────────

    Test timeout of 30000ms exceeded.

    Error: expect(locator).toHaveURL(expected)

    Locator: locator(':root')
    Expected pattern: /\/projects/
    Received string:  "http://localhost:3000/"
    Call log:
      - Expect "toHaveURL" with timeout 10000ms
      - waiting for locator(':root')
        3 × locator resolved to <html lang="en">…</html>
          - unexpected value "http://localhost:3000/"


      39 |       // Try clicking with force to bypass overlay issues temporarily
      40 |       await projectsLink.click({ force: true });
    > 41 |       await expect(page).toHaveURL(/\/projects/);
         |                          ^
      42 |       await page.goBack();
      43 |     }
      44 |
        at D:\Nuxt Projects\llm-dev-agent\cloudless.gr\playwright\tests\home.spec.ts:41:26

    attachment #1: trace (application/zip) ─────────────────────────────────────────────────────────
    playwright\test-results\home-Home-Page-E2E-Tests-s-42768-ve-working-navigation-links-chromium-retry1\trace.zip
    Usage:

        npx playwright show-trace playwright\test-results\home-Home-Page-E2E-Tests-s-42768-ve-working-navigation-links-chromium-retry1\trace.zip

    ────────────────────────────────────────────────────────────────────────────────────────────────
]]>
</failure>
<system-out>
<![CDATA[
[[ATTACHMENT|..\test-results\home-Home-Page-E2E-Tests-s-42768-ve-working-navigation-links-chromium-retry1\trace.zip]]
]]>
</system-out>
</testcase>
<testcase name="Home Page E2E Tests › should display login/register options for unauthenticated users" classname="home.spec.ts" time="30.066">
</testcase>
<testcase name="Home Page E2E Tests › should be responsive on mobile devices" classname="home.spec.ts" time="28.071">
</testcase>
<testcase name="Home Page E2E Tests › should have proper page title and meta tags" classname="home.spec.ts" time="17.742">
</testcase>
<testcase name="Home Page E2E Tests › should load without JavaScript errors" classname="home.spec.ts" time="11.741">
</testcase>
<testcase name="Home Page E2E Tests › should have accessible content" classname="home.spec.ts" time="19.782">
</testcase>
<testcase name="Home Page E2E Tests › should handle keyboard navigation" classname="home.spec.ts" time="26.356">
</testcase>
</testsuite>
</testsuites>